<?xml version="1.0" encoding="UTF-8"?>
<!-- Generated by org.testng.reporters.JUnitXMLReporter -->
<testsuite ignored="2" hostname="MusaKalim" failures="0" tests="3" name="Test(failed)" time="0.052" errors="0" timestamp="13 May 2023 23:25:40 GMT">
  <testcase classname="smarttech.nyc.testNGChallenges.FailedTestCases" name="getTestFive" time="0.014"/>
  <testcase classname="smarttech.nyc.testNGChallenges.FailedTestCases" name="getTestThree" time="0.014"/>
  <testcase classname="smarttech.nyc.testNGChallenges.FailedTestCases" name="getTestOne" time="0.014"/>
  <testcase classname="smarttech.nyc.testNGChallenges.FailedTestCases" name="getTestTwo" time="0.0">
    <ignored/>
  </testcase> <!-- getTestTwo -->
  <testcase classname="smarttech.nyc.testNGChallenges.FailedTestCases" name="getTestFour" time="0.0">
    <ignored/>
  </testcase> <!-- getTestFour -->
</testsuite> <!-- Test(failed) -->
