<?xml version="1.0" encoding="UTF-8"?>
<testsuite xmlns:xsi="http://www.w3.org/2001/XMLSchema-instance" xsi:noNamespaceSchemaLocation="https://maven.apache.org/surefire/maven-surefire-plugin/xsd/surefire-test-report-3.0.xsd" version="3.0" name="TestSuite" time="7.348" tests="1" errors="0" skipped="0" failures="0">
  <properties>
[...]
</properties>
  <testcase name="runScenario[&quot;User Able To Login, Purchase And Download Invoice.&quot;, &quot;Optional[Valid Users Able To Download Invoice after purchase the order.]&quot;](1)" classname="smarttech.nyc.myrunner.TestRunner" time="6.522">
    <system-out><![CDATA[onTestStartrunScenario

@Functional
Scenario: User Able To Login, Purchase And Download Invoice.                                        &amp#27;[90m# Features/DownloadInvoice.feature:4&amp#27;[0m
Visibility of text : Home
  &amp#27;[32mGiven &amp#27;[0m&amp#27;[32mVerify that home page is visible successfully&amp#27;[0m                                               &amp#27;[90m# smarttech.nyc.stepdefinitions.FunctionalStepDef.verify_that_home_page_is_visible_successfully()&amp#27;[0m
  &amp#27;[32mWhen &amp#27;[0m&amp#27;[32mUsers Able To Click On Products Module&amp#27;[0m                                                       &amp#27;[90m# smarttech.nyc.stepdefinitions.FunctionalStepDef.users_able_to_click_on_products_module()&amp#27;[0m
  &amp#27;[32mThen &amp#27;[0m&amp#27;[32mUsers Able To Verify &amp#27;[0m&amp#27;[32m&amp#27;[1m'ALL PRODUCTS'&amp#27;[0m&amp#27;[32m Text Are Available On The Screen&amp#27;[0m                         &amp#27;[90m# smarttech.nyc.stepdefinitions.FunctionalStepDef.users_able_to_verify_text_are_available_on_the_screen(java.lang.String)&amp#27;[0m
  &amp#27;[32mWhen &amp#27;[0m&amp#27;[32mUsers Able To Check All the Products Prices Are Displayed And Print In Console&amp#27;[0m               &amp#27;[90m# smarttech.nyc.stepdefinitions.FunctionalStepDef.users_able_to_check_all_the_products_prices_are_displayed_and_print_in_console()&amp#27;[0m
  &amp#27;[32mThen &amp#27;[0m&amp#27;[32mUsers Able To Select &amp#27;[0m&amp#27;[32m&amp#27;[1m'Cotton Silk Hand Block Print Saree'&amp#27;[0m&amp#27;[32m From Display And Verify The Price&amp#27;[0m  &amp#27;[90m# smarttech.nyc.stepdefinitions.FunctionalStepDef.users_able_to_select_from_display_and_verify_the_price(java.lang.String)&amp#27;[0m
  &amp#27;[32mWhen &amp#27;[0m&amp#27;[32mUsers Able To Click On Add To Cart Button&amp#27;[0m                                                    &amp#27;[90m# smarttech.nyc.stepdefinitions.FunctionalStepDef.users_able_to_click_on_add_to_cart_button()&amp#27;[0m
  &amp#27;[32mThen &amp#27;[0m&amp#27;[32mUsers Able To Verify &amp#27;[0m&amp#27;[32m&amp#27;[1m'Your product has been added to cart.'&amp#27;[0m&amp#27;[32m And Click On View Cart&amp#27;[0m           &amp#27;[90m# smarttech.nyc.stepdefinitions.FunctionalStepDef.users_able_to_verify_and_click_on_view_cart(java.lang.String)&amp#27;[0m
  &amp#27;[32mThen &amp#27;[0m&amp#27;[32mVerify The Same Price As I See Before Click On Add To Cart&amp#27;[0m                                   &amp#27;[90m# smarttech.nyc.stepdefinitions.FunctionalStepDef.verify_the_same_price_as_i_see_before_click_on_add_to_cart()&amp#27;[0m
  &amp#27;[32mWhen &amp#27;[0m&amp#27;[32mUser able to click on the proceed to checkout button&amp#27;[0m                                         &amp#27;[90m# smarttech.nyc.stepdefinitions.FunctionalStepDef.user_able_to_click_on_the_proceed_to_checkout_button()&amp#27;[0m
  &amp#27;[32mWhen &amp#27;[0m&amp#27;[32mUser Able To Add Comment About My Order&amp#27;[0m                                                      &amp#27;[90m# smarttech.nyc.stepdefinitions.FunctionalStepDef.user_able_to_add_comment_about_my_order()&amp#27;[0m
  &amp#27;[32mWhen &amp#27;[0m&amp#27;[32mUser Able To Click On Place Order&amp#27;[0m                                                            &amp#27;[90m# smarttech.nyc.stepdefinitions.FunctionalStepDef.user_able_to_click_on_place_order()&amp#27;[0m
  &amp#27;[32mThen &amp#27;[0m&amp#27;[32mUser able to verify Payment Page&amp#27;[0m                                                             &amp#27;[90m# smarttech.nyc.stepdefinitions.FunctionalStepDef.user_able_to_verify_payment_page()&amp#27;[0m
  &amp#27;[32mAnd &amp#27;[0m&amp#27;[32mEnter payment details Name on Card, Card Number, CVC, Expiration date&amp#27;[0m                         &amp#27;[90m# smarttech.nyc.stepdefinitions.FunctionalStepDef.enter_payment_details_name_on_card_card_number_cvc_expiration_date()&amp#27;[0m
  &amp#27;[32mAnd &amp#27;[0m&amp#27;[32mClick pay and Confirm Order button&amp#27;[0m                                                            &amp#27;[90m# smarttech.nyc.stepdefinitions.FunctionalStepDef.click_pay_and_confirm_order_button()&amp#27;[0m
  &amp#27;[32mThen &amp#27;[0m&amp#27;[32mVerify success message &amp#27;[0m&amp#27;[32m&amp#27;[1m'Congratulations! Your order has been confirmed!'&amp#27;[0m                     &amp#27;[90m# smarttech.nyc.stepdefinitions.FunctionalStepDef.verify_success_message(java.lang.String)&amp#27;[0m
  &amp#27;[32mWhen &amp#27;[0m&amp#27;[32mUser able to Click on Download Invoice button and verify invoice is downloaded successfully.&amp#27;[0m &amp#27;[90m# smarttech.nyc.stepdefinitions.FunctionalStepDef.user_able_to_click_on_download_invoice_button_and_verify_invoice_is_downloaded_successfully()&amp#27;[0m
  &amp#27;[32mAnd &amp#27;[0m&amp#27;[32mClick on Continue button&amp#27;[0m                                                                      &amp#27;[90m# smarttech.nyc.stepdefinitions.FunctionalStepDef.click_on_continue_button()&amp#27;[0m
  &amp#27;[32mAnd &amp#27;[0m&amp#27;[32mClick On Logout Button&amp#27;[0m                                                                        &amp#27;[90m# smarttech.nyc.stepdefinitions.FunctionalStepDef.click_on_logout_button()&amp#27;[0m
  &amp#27;[32mThen &amp#27;[0m&amp#27;[32mVerify The Text &amp#27;[0m&amp#27;[32m&amp#27;[1m'Login to your account'&amp#27;[0m                                                      &amp#27;[90m# smarttech.nyc.stepdefinitions.FunctionalStepDef.verify_the_text(java.lang.String)&amp#27;[0m
onTestSuccessrunScenario
]]></system-out>
    <system-err><![CDATA[log4j:WARN No appenders could be found for logger (io.github.bonigarcia.wdm.cache.ResolutionCache).
log4j:WARN Please initialize the log4j system properly.
log4j:WARN See http://logging.apache.org/log4j/1.2/faq.html#noconfig for more info.
Starting ChromeDriver 113.0.5672.63 (0e1a4471d5ae5bf128b1bd8f4d627c8cbd55f70c-refs/branch-heads/5672@{#912}) on port 59781
Only local connections are allowed.
Please see https://chromedriver.chromium.org/security-considerations for suggestions on keeping ChromeDriver safe.
ChromeDriver was started successfully.
May 14, 2023 3:03:55 AM org.openqa.selenium.remote.ProtocolHandshake createSession
INFO: Detected dialect: W3C
]]></system-err>
  </testcase>
</testsuite>